<?xml version="1.0" encoding="UTF-8"?>
<testsuite name="Login Exitoso y Seleccion de productos por categoria en tu hogar online" tests="1" skipped="0" failures="0" errors="0" timestamp="2023-01-04T03:58:32" hostname="SQABOG-TGP4838" time="88.707">
  <properties/>
  <testcase name="Buscar en tu hogar online" classname="Login Exitoso y Seleccion de productos por categoria en tu hogar online" time="88.707"/>
  <system-out><![CDATA[]]></system-out>
  <system-err><![CDATA[ene 03, 2023 10:58:34 PM org.openqa.selenium.remote.DesiredCapabilities chrome
INFORMACIÓN: Using `new ChromeOptions()` is preferred to `DesiredCapabilities.chrome()`
[Test worker] INFO net.serenitybdd.core.webdriver.driverproviders.ProvideNewDriver - Instantiating driver
[Test worker] INFO net.serenitybdd.core.webdriver.driverproviders.ProvideNewDriver - Driver capabilities: Capabilities {acceptInsecureCerts: false, browserName: chrome, chrome.switches: --start-maximized --disable..., goog:chromeOptions: {args: [--start-maximized, --disable-popup-blocking], extensions: []}, loggingPrefs: org.openqa.selenium.logging..., platform: ANY, version: }
Starting ChromeDriver 108.0.5359.71 (1e0e3868ee06e91ad636a874420e3ca3ae3756ac-refs/branch-heads/5359@{#1016}) on port 42515
Only local connections are allowed.
Please see https://chromedriver.chromium.org/security-considerations for suggestions on keeping ChromeDriver safe.
ChromeDriver was started successfully.
ene 03, 2023 10:58:42 PM org.openqa.selenium.remote.ProtocolHandshake createSession
INFORMACIÓN: Detected dialect: W3C
]]></system-err>
</testsuite>
